Fetching SMBC from https://www.smbc-card.com/mem/wp/vpoint_up_program/index.jsp...
Saved SMBC to /home/good-light/.openclaw/workspace/otoku-checker/html_cache/SMBC.html (55760 chars)
Fetching MUFG from https://www.cr.mufg.jp/mufgcard/point/global/save/convenience_store/index.html...
Saved MUFG to /home/good-light/.openclaw/workspace/otoku-checker/html_cache/MUFG.html (66691 chars)
Updates found. Ready to commit.
Fetching SMBC from https://www.smbc-card.com/mem/wp/vpoint_up_program/index.jsp...
Saved SMBC to /home/good-light/.openclaw/workspace/otoku-checker/html_cache/SMBC.html (55925 chars)
Fetching MUFG from https://www.cr.mufg.jp/mufgcard/point/global/save/convenience_store/index.html...
Saved MUFG to /home/good-light/.openclaw/workspace/otoku-checker/html_cache/MUFG.html (66691 chars)
Updates found. Ready to commit.
Fetching SMBC from https://www.smbc-card.com/mem/wp/vpoint_up_program/index.jsp...
Saved SMBC to /home/good-light/.openclaw/workspace/otoku-checker/html_cache/SMBC.html (55925 chars)
Fetching MUFG from https://www.cr.mufg.jp/mufgcard/point/global/save/convenience_store/index.html...
Saved MUFG to /home/good-light/.openclaw/workspace/otoku-checker/html_cache/MUFG.html (66691 chars)
Updates found. Ready to commit.
Fetching SMBC from https://www.smbc-card.com/mem/wp/vpoint_up_program/index.jsp...
Saved SMBC to /home/good-light/.openclaw/workspace/otoku-checker/html_cache/SMBC.html (55925 chars)
Fetching MUFG from https://www.cr.mufg.jp/mufgcard/point/global/save/convenience_store/index.html...
Saved MUFG to /home/good-light/.openclaw/workspace/otoku-checker/html_cache/MUFG.html (66691 chars)
Updates found. Ready to commit.
